2023-07-07T15:37:19.961+03:00  INFO 19916 --- [main] c.b.u.UserServiceApplicationTests        : Starting UserServiceApplicationTests using Java 17.0.6 with PID 19916 (started by brian in /home/brian/IdeaProjects/user-service/user-service)
2023-07-07T15:37:19.964+03:00  INFO 19916 --- [main] c.b.u.UserServiceApplicationTests        : No active profile set, falling back to 1 default profile: "default"
2023-07-07T15:37:21.070+03:00  INFO 19916 --- [main] .s.d.r.c.RepositoryConfigurationDelegate : Bootstrapping Spring Data JPA repositories in DEFAULT mode.
2023-07-07T15:37:21.128+03:00  INFO 19916 --- [main] .s.d.r.c.RepositoryConfigurationDelegate : Finished Spring Data repository scanning in 49 ms. Found 1 JPA repository interfaces.
2023-07-07T15:37:21.687+03:00  INFO 19916 --- [main] o.hibernate.jpa.internal.util.LogHelper  : HHH000204: Processing PersistenceUnitInfo [name: default]
2023-07-07T15:37:21.726+03:00  INFO 19916 --- [main] org.hibernate.Version                    : HHH000412: Hibernate ORM core version 6.1.7.Final
2023-07-07T15:37:22.036+03:00  INFO 19916 --- [main] com.zaxxer.hikari.HikariDataSource       : HikariPool-1 - Starting...
2023-07-07T15:37:22.478+03:00  INFO 19916 --- [main] com.zaxxer.hikari.pool.HikariPool        : HikariPool-1 - Added connection com.mysql.cj.jdbc.ConnectionImpl@4ffa7041
2023-07-07T15:37:22.482+03:00  INFO 19916 --- [main] com.zaxxer.hikari.HikariDataSource       : HikariPool-1 - Start completed.
2023-07-07T15:37:22.526+03:00  WARN 19916 --- [main] org.hibernate.dialect.Dialect            : HHH000511: The 5.0.0 version for [org.hibernate.dialect.MySQL5Dialect] is no longer supported, hence certain features may not work properly. The minimum supported version is 5.7.0. Check the community dialects project for available legacy versions.
2023-07-07T15:37:22.532+03:00  INFO 19916 --- [main] SQL dialect                              : HHH000400: Using dialect: org.hibernate.dialect.MySQL5Dialect
2023-07-07T15:37:22.535+03:00  WARN 19916 --- [main] org.hibernate.orm.deprecation            : HHH90000026: MySQL5Dialect has been deprecated; use org.hibernate.dialect.MySQLDialect instead
2023-07-07T15:37:23.516+03:00  INFO 19916 --- [main] o.h.e.t.j.p.i.JtaPlatformInitiator       : HHH000490: Using JtaPlatform implementation: [org.hibernate.engine.transaction.jta.platform.internal.NoJtaPlatform]
2023-07-07T15:37:23.525+03:00  INFO 19916 --- [main] j.LocalContainerEntityManagerFactoryBean : Initialized JPA EntityManagerFactory for persistence unit 'default'
2023-07-07T15:37:23.864+03:00  WARN 19916 --- [main] JpaBaseConfiguration$JpaWebConfiguration : spring.jpa.open-in-view is enabled by default. Therefore, database queries may be performed during view rendering. Explicitly configure spring.jpa.open-in-view to disable this warning
2023-07-07T15:37:24.381+03:00  INFO 19916 --- [main] o.s.b.a.e.web.EndpointLinksResolver      : Exposing 1 endpoint(s) beneath base path '/actuator'
2023-07-07T15:37:24.427+03:00  INFO 19916 --- [main] o.s.s.web.DefaultSecurityFilterChain     : Will secure any request with [org.springframework.security.web.session.DisableEncodeUrlFilter@45a4587d, org.springframework.security.web.context.request.async.WebAsyncManagerIntegrationFilter@70a91d72, org.springframework.security.web.context.SecurityContextHolderFilter@10664c3d, org.springframework.security.web.header.HeaderWriterFilter@99774ec, org.springframework.security.web.authentication.logout.LogoutFilter@2e60d4f4, org.springframework.security.web.savedrequest.RequestCacheAwareFilter@7712df76, org.springframework.security.web.servletapi.SecurityContextHolderAwareRequestFilter@7d3faf1d, org.springframework.security.web.authentication.AnonymousAuthenticationFilter@52a9db63, org.springframework.security.web.session.SessionManagementFilter@5cf6ba1c, org.springframework.security.web.access.ExceptionTranslationFilter@386ea60f, org.springframework.security.web.access.intercept.AuthorizationFilter@2512155e]
2023-07-07T15:37:24.828+03:00  INFO 19916 --- [main] c.b.u.UserServiceApplicationTests        : Started UserServiceApplicationTests in 5.365 seconds (process running for 6.372)
2023-07-07T15:37:25.125+03:00  INFO 19916 --- [SpringApplicationShutdownHook] j.LocalContainerEntityManagerFactoryBean : Closing JPA EntityManagerFactory for persistence unit 'default'
2023-07-07T15:37:25.128+03:00  INFO 19916 --- [SpringApplicationShutdownHook] com.zaxxer.hikari.HikariDataSource       : HikariPool-1 - Shutdown initiated...
2023-07-07T15:37:25.138+03:00  INFO 19916 --- [SpringApplicationShutdownHook] com.zaxxer.hikari.HikariDataSource       : HikariPool-1 - Shutdown completed.
